{"name": "test_home_Page_Header[chrome]", "status": "broken", "statusDetails": {"message": "selenium.common.exceptions.TimeoutException: Message: \nStacktrace:\nBacktrace:\n\tGetHandleVerifier [0x0046A813+48355]\n\t(No symbol) [0x003FC4B1]\n\t(No symbol) [0x00305358]\n\t(No symbol) [0x003309A5]\n\t(No symbol) [0x00330B3B]\n\t(No symbol) [0x0035E232]\n\t(No symbol) [0x0034A784]\n\t(No symbol) [0x0035C922]\n\t(No symbol) [0x0034A536]\n\t(No symbol) [0x003282DC]\n\t(No symbol) [0x003293DD]\n\tGetHandleVerifier [0x006CAABD+2539405]\n\tGetHandleVerifier [0x0070A78F+2800735]\n\tGetHandleVerifier [0x0070456C+2775612]\n\tGetHandleVerifier [0x004F51E0+616112]\n\t(No symbol) [0x00405F8C]\n\t(No symbol) [0x00402328]\n\t(No symbol) [0x0040240B]\n\t(No symbol) [0x003F4FF7]\n\tBaseThreadInitThunk [0x76CA00C9+25]\n\tRtlGetAppContainerNamedObjectPath [0x774F7B4E+286]\n\tRtlGetAppContainerNamedObjectPath [0x774F7B1E+238]", "trace": "self = <Tests.test_HomePage.Test_Home object at 0x000001E6A6399060>\n\n    @pytest.mark.slow\n    def test_home_Page_Header(self):\n        self.login = LoginPage(self.driver)\n>       homePage = self.login.do_login(TestData.Username, TestData.Password)\n\nTests\\test_HomePage.py:22: \n_ _ _ _ _ _ _ _ _ _ _ _ _ _ _ _ _ _ _ _ _ _ _ _ _ _ _ _ _ _ _ _ _ _ _ _ _ _ _ _ _ _ _ _ _ _ _ _ _ _ _ _ _ _ _ _ _ _ _ _ _ _ _ _ _ _ _ _ _ _ _ _ _ _\nPages\\LoginPage.py:24: in do_login\n    self.do_send_keys(LoginLocators.Email, username)\nPages\\BasePage.py:18: in do_send_keys\n    WebDriverWait(self.driver, 10).until(ec.visibility_of_element_located(by_locator)).send_keys(text)\n_ _ _ _ _ _ _ _ _ _ _ _ _ _ _ _ _ _ _ _ _ _ _ _ _ _ _ _ _ _ _ _ _ _ _ _ _ _ _ _ _ _ _ _ _ _ _ _ _ _ _ _ _ _ _ _ _ _ _ _ _ _ _ _ _ _ _ _ _ _ _ _ _ _\n\nself = <selenium.webdriver.support.wait.WebDriverWait (session=\"24b03e4407523983e901873b42ab1627\")>\nmethod = <function visibility_of_element_located.<locals>._predicate at 0x000001E6A6331EA0>, message = ''\n\n    def until(self, method, message: str = \"\"):\n        \"\"\"Calls the method provided with the driver as an argument until the \\\n        return value does not evaluate to ``False``.\n    \n        :param method: callable(WebDriver)\n        :param message: optional message for :exc:`TimeoutException`\n        :returns: the result of the last call to `method`\n        :raises: :exc:`selenium.common.exceptions.TimeoutException` if timeout occurs\n        \"\"\"\n        screen = None\n        stacktrace = None\n    \n        end_time = time.monotonic() + self._timeout\n        while True:\n            try:\n                value = method(self._driver)\n                if value:\n                    return value\n            except self._ignored_exceptions as exc:\n                screen = getattr(exc, \"screen\", None)\n                stacktrace = getattr(exc, \"stacktrace\", None)\n            time.sleep(self._poll)\n            if time.monotonic() > end_time:\n                break\n>       raise TimeoutException(message, screen, stacktrace)\nE       selenium.common.exceptions.TimeoutException: Message: \nE       Stacktrace:\nE       Backtrace:\nE       \tGetHandleVerifier [0x0046A813+48355]\nE       \t(No symbol) [0x003FC4B1]\nE       \t(No symbol) [0x00305358]\nE       \t(No symbol) [0x003309A5]\nE       \t(No symbol) [0x00330B3B]\nE       \t(No symbol) [0x0035E232]\nE       \t(No symbol) [0x0034A784]\nE       \t(No symbol) [0x0035C922]\nE       \t(No symbol) [0x0034A536]\nE       \t(No symbol) [0x003282DC]\nE       \t(No symbol) [0x003293DD]\nE       \tGetHandleVerifier [0x006CAABD+2539405]\nE       \tGetHandleVerifier [0x0070A78F+2800735]\nE       \tGetHandleVerifier [0x0070456C+2775612]\nE       \tGetHandleVerifier [0x004F51E0+616112]\nE       \t(No symbol) [0x00405F8C]\nE       \t(No symbol) [0x00402328]\nE       \t(No symbol) [0x0040240B]\nE       \t(No symbol) [0x003F4FF7]\nE       \tBaseThreadInitThunk [0x76CA00C9+25]\nE       \tRtlGetAppContainerNamedObjectPath [0x774F7B4E+286]\nE       \tRtlGetAppContainerNamedObjectPath [0x774F7B1E+238]\n\nvenv\\lib\\site-packages\\selenium\\webdriver\\support\\wait.py:95: TimeoutException"}, "parameters": [{"name": "init_driver", "value": "'chrome'"}], "start": 1686898898060, "stop": 1686898910435, "uuid": "257f4604-d407-4af9-a981-d24acf19bbcf", "historyId": "407b56a015fbb94744a2ff4287a87806", "testCaseId": "8a4cbcc292b9e7994b412171bb822020", "fullName": "Tests.test_HomePage.Test_Home#test_home_Page_Header", "labels": [{"name": "tag", "value": "slow"}, {"name": "tag", "value": "@pytest.mark.usefixtures('init_driver')"}, {"name": "parentSuite", "value": "Tests"}, {"name": "suite", "value": "test_HomePage"}, {"name": "subSuite", "value": "Test_Home"}, {"name": "host", "value": "AGLPUN-TL493"}, {"name": "thread", "value": "7068-MainThread"}, {"name": "framework", "value": "pytest"}, {"name": "language", "value": "cpython3"}, {"name": "package", "value": "Tests.test_HomePage"}]}