{"name": "test_Navigate_to_Performance_NavBar[chrome]", "status": "broken", "statusDetails": {"message": "selenium.common.exceptions.TimeoutException: Message: \nStacktrace:\nBacktrace:\n\tGetHandleVerifier [0x00C4A813+48355]\n\t(No symbol) [0x00BDC4B1]\n\t(No symbol) [0x00AE5358]\n\t(No symbol) [0x00B109A5]\n\t(No symbol) [0x00B10B3B]\n\t(No symbol) [0x00B3E232]\n\t(No symbol) [0x00B2A784]\n\t(No symbol) [0x00B3C922]\n\t(No symbol) [0x00B2A536]\n\t(No symbol) [0x00B082DC]\n\t(No symbol) [0x00B093DD]\n\tGetHandleVerifier [0x00EAAABD+2539405]\n\tGetHandleVerifier [0x00EEA78F+2800735]\n\tGetHandleVerifier [0x00EE456C+2775612]\n\tGetHandleVerifier [0x00CD51E0+616112]\n\t(No symbol) [0x00BE5F8C]\n\t(No symbol) [0x00BE2328]\n\t(No symbol) [0x00BE240B]\n\t(No symbol) [0x00BD4FF7]\n\tBaseThreadInitThunk [0x75FF00C9+25]\n\tRtlGetAppContainerNamedObjectPath [0x76FC7B4E+286]\n\tRtlGetAppContainerNamedObjectPath [0x76FC7B1E+238]", "trace": "self = <Tests.test_PerformancePage.Test_Performance object at 0x0000028CADB0B340>\n\n    def test_Navigate_to_Performance_NavBar(self):\n        self.login = LoginPage(self.driver)\n>       homePage = self.login.do_login(TestData.Username, TestData.Password)\n\nTests\\test_PerformancePage.py:10: \n_ _ _ _ _ _ _ _ _ _ _ _ _ _ _ _ _ _ _ _ _ _ _ _ _ _ _ _ _ _ _ _ _ _ _ _ _ _ _ _ _ _ _ _ _ _ _ _ _ _ _ _ _ _ _ _ _ _ _ _ _ _ _ _ _ _ _ _ _ _ _ _ _ _\nPages\\LoginPage.py:24: in do_login\n    self.do_send_keys(LoginLocators.Email, username)\nPages\\BasePage.py:18: in do_send_keys\n    WebDriverWait(self.driver, 10).until(ec.visibility_of_element_located(by_locator)).send_keys(text)\n_ _ _ _ _ _ _ _ _ _ _ _ _ _ _ _ _ _ _ _ _ _ _ _ _ _ _ _ _ _ _ _ _ _ _ _ _ _ _ _ _ _ _ _ _ _ _ _ _ _ _ _ _ _ _ _ _ _ _ _ _ _ _ _ _ _ _ _ _ _ _ _ _ _\n\nself = <selenium.webdriver.support.wait.WebDriverWait (session=\"ae18565fa6f5ce52e4beab13318ea4fa\")>\nmethod = <function visibility_of_element_located.<locals>._predicate at 0x0000028CAF8DC0D0>, message = ''\n\n    def until(self, method, message: str = \"\"):\n        \"\"\"Calls the method provided with the driver as an argument until the \\\n        return value does not evaluate to ``False``.\n    \n        :param method: callable(WebDriver)\n        :param message: optional message for :exc:`TimeoutException`\n        :returns: the result of the last call to `method`\n        :raises: :exc:`selenium.common.exceptions.TimeoutException` if timeout occurs\n        \"\"\"\n        screen = None\n        stacktrace = None\n    \n        end_time = time.monotonic() + self._timeout\n        while True:\n            try:\n                value = method(self._driver)\n                if value:\n                    return value\n            except self._ignored_exceptions as exc:\n                screen = getattr(exc, \"screen\", None)\n                stacktrace = getattr(exc, \"stacktrace\", None)\n            time.sleep(self._poll)\n            if time.monotonic() > end_time:\n                break\n>       raise TimeoutException(message, screen, stacktrace)\nE       selenium.common.exceptions.TimeoutException: Message: \nE       Stacktrace:\nE       Backtrace:\nE       \tGetHandleVerifier [0x00C4A813+48355]\nE       \t(No symbol) [0x00BDC4B1]\nE       \t(No symbol) [0x00AE5358]\nE       \t(No symbol) [0x00B109A5]\nE       \t(No symbol) [0x00B10B3B]\nE       \t(No symbol) [0x00B3E232]\nE       \t(No symbol) [0x00B2A784]\nE       \t(No symbol) [0x00B3C922]\nE       \t(No symbol) [0x00B2A536]\nE       \t(No symbol) [0x00B082DC]\nE       \t(No symbol) [0x00B093DD]\nE       \tGetHandleVerifier [0x00EAAABD+2539405]\nE       \tGetHandleVerifier [0x00EEA78F+2800735]\nE       \tGetHandleVerifier [0x00EE456C+2775612]\nE       \tGetHandleVerifier [0x00CD51E0+616112]\nE       \t(No symbol) [0x00BE5F8C]\nE       \t(No symbol) [0x00BE2328]\nE       \t(No symbol) [0x00BE240B]\nE       \t(No symbol) [0x00BD4FF7]\nE       \tBaseThreadInitThunk [0x75FF00C9+25]\nE       \tRtlGetAppContainerNamedObjectPath [0x76FC7B4E+286]\nE       \tRtlGetAppContainerNamedObjectPath [0x76FC7B1E+238]\n\nvenv\\lib\\site-packages\\selenium\\webdriver\\support\\wait.py:95: TimeoutException"}, "parameters": [{"name": "init_driver", "value": "'chrome'"}], "start": 1687171887563, "stop": 1687171898636, "uuid": "18454de1-4de0-4367-a611-8418e149ea78", "historyId": "78b18077b1f0b4d0370b1d2aa2059595", "testCaseId": "f3aa82518dbb903204d993313fb3e8a9", "fullName": "Tests.test_PerformancePage.Test_Performance#test_Navigate_to_Performance_NavBar", "labels": [{"name": "tag", "value": "@pytest.mark.usefixtures('init_driver')"}, {"name": "parentSuite", "value": "Tests"}, {"name": "suite", "value": "test_PerformancePage"}, {"name": "subSuite", "value": "Test_Performance"}, {"name": "host", "value": "AGLPUN-TL493"}, {"name": "thread", "value": "10244-MainThread"}, {"name": "framework", "value": "pytest"}, {"name": "language", "value": "cpython3"}, {"name": "package", "value": "Tests.test_PerformancePage"}]}