{"name": "test_login_for_Invalid_Credential[edge]", "status": "broken", "statusDetails": {"message": "selenium.common.exceptions.TimeoutException: Message: \nStacktrace:\nBacktrace:\n\tGetHandleVerifier [0x00007FF73703B5B2+64226]\n\tMicrosoft::Applications::Events::EventProperty::~EventProperty [0x00007FF736FCBB72+770962]\n\t(No symbol) [0x00007FF736D8CC3C]\n\t(No symbol) [0x00007FF736DD0BCF]\n\t(No symbol) [0x00007FF736DD0D5A]\n\t(No symbol) [0x00007FF736E0AC07]\n\t(No symbol) [0x00007FF736DEF02F]\n\t(No symbol) [0x00007FF736DC4BA1]\n\t(No symbol) [0x00007FF736E07FB1]\n\t(No symbol) [0x00007FF736DEEDC3]\n\t(No symbol) [0x00007FF736DC3BDC]\n\t(No symbol) [0x00007FF736DC2DC6]\n\t(No symbol) [0x00007FF736DC4354]\n\tMicrosoft::Applications::Events::ILogManager::DispatchEventBroadcast [0x00007FF737218E59+1319081]\n\t(No symbol) [0x00007FF736E3BEE8]\n\tMicrosoft::Applications::Events::EventProperty::~EventProperty [0x00007FF736F17AF1+33553]\n\tMicrosoft::Applications::Events::EventProperty::~EventProperty [0x00007FF736F0FF2F+1871]\n\tMicrosoft::Applications::Events::ILogManager::DispatchEventBroadcast [0x00007FF737217A73+1313987]\n\tMicrosoft::Applications::Events::ILogConfiguration::operator* [0x00007FF736FD41A8+20232]\n\tMicrosoft::Applications::Events::ILogConfiguration::operator* [0x00007FF736FD07C4+5412]\n\tMicrosoft::Applications::Events::ILogConfiguration::operator* [0x00007FF736FD08BC+5660]\n\tMicrosoft::Applications::Events::EventProperty::~EventProperty [0x00007FF736FC4571+740753]\n\tBaseThreadInitThunk [0x00007FF89F047614+20]\n\tRtlUserThreadStart [0x00007FF8A10226A1+33]", "trace": "self = <Tests.test_LoginPage.Test_Login object at 0x0000022E05ABD6C0>\n\n    @pytest.mark.slow\n    def test_login_for_Invalid_Credential(self):\n            log=self.getLogger()\n            self.login = LoginPage(self.driver)\n>           self.login.do_login(TestData.Username,TestData.Wrong_credential)\n\nTests\\test_LoginPage.py:25: \n_ _ _ _ _ _ _ _ _ _ _ _ _ _ _ _ _ _ _ _ _ _ _ _ _ _ _ _ _ _ _ _ _ _ _ _ _ _ _ _ _ _ _ _ _ _ _ _ _ _ _ _ _ _ _ _ _ _ _ _ _ _ _ _ _ _ _ _ _ _ _ _ _ _\nPages\\LoginPage.py:24: in do_login\n    self.do_send_keys(LoginLocators.Email, username)\nPages\\BasePage.py:18: in do_send_keys\n    WebDriverWait(self.driver, 10).until(ec.visibility_of_element_located(by_locator)).send_keys(text)\n_ _ _ _ _ _ _ _ _ _ _ _ _ _ _ _ _ _ _ _ _ _ _ _ _ _ _ _ _ _ _ _ _ _ _ _ _ _ _ _ _ _ _ _ _ _ _ _ _ _ _ _ _ _ _ _ _ _ _ _ _ _ _ _ _ _ _ _ _ _ _ _ _ _\n\nself = <selenium.webdriver.support.wait.WebDriverWait (session=\"7dc5ea8a3c5d796a2dad8a185031f7bc\")>\nmethod = <function visibility_of_element_located.<locals>._predicate at 0x0000022E05F8B760>, message = ''\n\n    def until(self, method, message: str = \"\"):\n        \"\"\"Calls the method provided with the driver as an argument until the \\\n        return value does not evaluate to ``False``.\n    \n        :param method: callable(WebDriver)\n        :param message: optional message for :exc:`TimeoutException`\n        :returns: the result of the last call to `method`\n        :raises: :exc:`selenium.common.exceptions.TimeoutException` if timeout occurs\n        \"\"\"\n        screen = None\n        stacktrace = None\n    \n        end_time = time.monotonic() + self._timeout\n        while True:\n            try:\n                value = method(self._driver)\n                if value:\n                    return value\n            except self._ignored_exceptions as exc:\n                screen = getattr(exc, \"screen\", None)\n                stacktrace = getattr(exc, \"stacktrace\", None)\n            time.sleep(self._poll)\n            if time.monotonic() > end_time:\n                break\n>       raise TimeoutException(message, screen, stacktrace)\nE       selenium.common.exceptions.TimeoutException: Message: \nE       Stacktrace:\nE       Backtrace:\nE       \tGetHandleVerifier [0x00007FF73703B5B2+64226]\nE       \tMicrosoft::Applications::Events::EventProperty::~EventProperty [0x00007FF736FCBB72+770962]\nE       \t(No symbol) [0x00007FF736D8CC3C]\nE       \t(No symbol) [0x00007FF736DD0BCF]\nE       \t(No symbol) [0x00007FF736DD0D5A]\nE       \t(No symbol) [0x00007FF736E0AC07]\nE       \t(No symbol) [0x00007FF736DEF02F]\nE       \t(No symbol) [0x00007FF736DC4BA1]\nE       \t(No symbol) [0x00007FF736E07FB1]\nE       \t(No symbol) [0x00007FF736DEEDC3]\nE       \t(No symbol) [0x00007FF736DC3BDC]\nE       \t(No symbol) [0x00007FF736DC2DC6]\nE       \t(No symbol) [0x00007FF736DC4354]\nE       \tMicrosoft::Applications::Events::ILogManager::DispatchEventBroadcast [0x00007FF737218E59+1319081]\nE       \t(No symbol) [0x00007FF736E3BEE8]\nE       \tMicrosoft::Applications::Events::EventProperty::~EventProperty [0x00007FF736F17AF1+33553]\nE       \tMicrosoft::Applications::Events::EventProperty::~EventProperty [0x00007FF736F0FF2F+1871]\nE       \tMicrosoft::Applications::Events::ILogManager::DispatchEventBroadcast [0x00007FF737217A73+1313987]\nE       \tMicrosoft::Applications::Events::ILogConfiguration::operator* [0x00007FF736FD41A8+20232]\nE       \tMicrosoft::Applications::Events::ILogConfiguration::operator* [0x00007FF736FD07C4+5412]\nE       \tMicrosoft::Applications::Events::ILogConfiguration::operator* [0x00007FF736FD08BC+5660]\nE       \tMicrosoft::Applications::Events::EventProperty::~EventProperty [0x00007FF736FC4571+740753]\nE       \tBaseThreadInitThunk [0x00007FF89F047614+20]\nE       \tRtlUserThreadStart [0x00007FF8A10226A1+33]\n\nvenv\\lib\\site-packages\\selenium\\webdriver\\support\\wait.py:95: TimeoutException"}, "parameters": [{"name": "init_driver", "value": "'edge'"}], "start": 1686900232985, "stop": 1686900244074, "uuid": "a4d1195f-1ed7-4521-aa22-09e811304110", "historyId": "c63f7fa7348d28cb46a9d9fa43bac988", "testCaseId": "de7a35c8dcb59b0a8b7db49adb43cf11", "fullName": "Tests.test_LoginPage.Test_Login#test_login_for_Invalid_Credential", "labels": [{"name": "tag", "value": "slow"}, {"name": "tag", "value": "@pytest.mark.usefixtures('init_driver')"}, {"name": "parentSuite", "value": "Tests"}, {"name": "suite", "value": "test_LoginPage"}, {"name": "subSuite", "value": "Test_Login"}, {"name": "host", "value": "AGLPUN-TL493"}, {"name": "thread", "value": "11132-MainThread"}, {"name": "framework", "value": "pytest"}, {"name": "language", "value": "cpython3"}, {"name": "package", "value": "Tests.test_LoginPage"}]}