{"name": "test_home_Page_title[chrome]", "status": "broken", "statusDetails": {"message": "selenium.common.exceptions.TimeoutException: Message:", "trace": "self = <Tests.test_HomePage.Test_Home object at 0x0000021CC4A9D630>\n\n    @pytest.mark.slow\n    def test_home_Page_title(self):\n        self.login= LoginPage(self.driver)\n        homePage = self.login.do_login(TestData.Username,TestData.Password)\n>       title = homePage.get_Home_Page_Title(TestData.Login_Page_Title)\n\nTests\\test_HomePage.py:13: \n_ _ _ _ _ _ _ _ _ _ _ _ _ _ _ _ _ _ _ _ _ _ _ _ _ _ _ _ _ _ _ _ _ _ _ _ _ _ _ _ _ _ _ _ _ _ _ _ _ _ _ _ _ _ _ _ _ _ _ _ _ _ _ _ _ _ _ _ _ _ _ _ _ _\nPages\\HomePage.py:16: in get_Home_Page_Title\n    return self.get_title(title)\nPages\\BasePage.py:33: in get_title\n    WebDriverWait(self.driver,10).until(ec.title_is(title))\n_ _ _ _ _ _ _ _ _ _ _ _ _ _ _ _ _ _ _ _ _ _ _ _ _ _ _ _ _ _ _ _ _ _ _ _ _ _ _ _ _ _ _ _ _ _ _ _ _ _ _ _ _ _ _ _ _ _ _ _ _ _ _ _ _ _ _ _ _ _ _ _ _ _\n\nself = <selenium.webdriver.support.wait.WebDriverWait (session=\"d3a9cade891d6f154868effc7174486b\")>\nmethod = <function title_is.<locals>._predicate at 0x0000021CC4A324D0>, message = ''\n\n    def until(self, method, message: str = \"\"):\n        \"\"\"Calls the method provided with the driver as an argument until the \\\n        return value does not evaluate to ``False``.\n    \n        :param method: callable(WebDriver)\n        :param message: optional message for :exc:`TimeoutException`\n        :returns: the result of the last call to `method`\n        :raises: :exc:`selenium.common.exceptions.TimeoutException` if timeout occurs\n        \"\"\"\n        screen = None\n        stacktrace = None\n    \n        end_time = time.monotonic() + self._timeout\n        while True:\n            try:\n                value = method(self._driver)\n                if value:\n                    return value\n            except self._ignored_exceptions as exc:\n                screen = getattr(exc, \"screen\", None)\n                stacktrace = getattr(exc, \"stacktrace\", None)\n            time.sleep(self._poll)\n            if time.monotonic() > end_time:\n                break\n>       raise TimeoutException(message, screen, stacktrace)\nE       selenium.common.exceptions.TimeoutException: Message:\n\nvenv\\lib\\site-packages\\selenium\\webdriver\\support\\wait.py:95: TimeoutException"}, "parameters": [{"name": "init_driver", "value": "'chrome'"}], "start": 1686738626343, "stop": 1686738661386, "uuid": "71f7593b-2b09-46bc-96bd-91aaddd05679", "historyId": "3e1c45c97ed1aff840bf6edb18dd406f", "testCaseId": "b587d47e45378baa3136dbc659386bd5", "fullName": "Tests.test_HomePage.Test_Home#test_home_Page_title", "labels": [{"name": "tag", "value": "slow"}, {"name": "tag", "value": "@pytest.mark.usefixtures('init_driver', 'log_on_failure')"}, {"name": "parentSuite", "value": "Tests"}, {"name": "suite", "value": "test_HomePage"}, {"name": "subSuite", "value": "Test_Home"}, {"name": "host", "value": "AGLPUN-TL493"}, {"name": "thread", "value": "8-MainThread"}, {"name": "framework", "value": "pytest"}, {"name": "language", "value": "cpython3"}, {"name": "package", "value": "Tests.test_HomePage"}]}