{"name": "test_login_for_Invalid_Credential[chrome]", "status": "broken", "statusDetails": {"message": "selenium.common.exceptions.TimeoutException: Message: \nStacktrace:\nBacktrace:\n\tGetHandleVerifier [0x0046A813+48355]\n\t(No symbol) [0x003FC4B1]\n\t(No symbol) [0x00305358]\n\t(No symbol) [0x003309A5]\n\t(No symbol) [0x00330B3B]\n\t(No symbol) [0x0035E232]\n\t(No symbol) [0x0034A784]\n\t(No symbol) [0x0035C922]\n\t(No symbol) [0x0034A536]\n\t(No symbol) [0x003282DC]\n\t(No symbol) [0x003293DD]\n\tGetHandleVerifier [0x006CAABD+2539405]\n\tGetHandleVerifier [0x0070A78F+2800735]\n\tGetHandleVerifier [0x0070456C+2775612]\n\tGetHandleVerifier [0x004F51E0+616112]\n\t(No symbol) [0x00405F8C]\n\t(No symbol) [0x00402328]\n\t(No symbol) [0x0040240B]\n\t(No symbol) [0x003F4FF7]\n\tBaseThreadInitThunk [0x76CA00C9+25]\n\tRtlGetAppContainerNamedObjectPath [0x774F7B4E+286]\n\tRtlGetAppContainerNamedObjectPath [0x774F7B1E+238]", "trace": "self = <Tests.test_LoginPage.Test_Login object at 0x0000023EB668D090>\n\n    @pytest.mark.slow\n    def test_login_for_Invalid_Credential(self):\n            log=self.getLogger()\n            self.login = LoginPage(self.driver)\n>           self.login.do_login(TestData.Username,TestData.Wrong_credential)\n\nTests\\test_LoginPage.py:25: \n_ _ _ _ _ _ _ _ _ _ _ _ _ _ _ _ _ _ _ _ _ _ _ _ _ _ _ _ _ _ _ _ _ _ _ _ _ _ _ _ _ _ _ _ _ _ _ _ _ _ _ _ _ _ _ _ _ _ _ _ _ _ _ _ _ _ _ _ _ _ _ _ _ _\nPages\\LoginPage.py:24: in do_login\n    self.do_send_keys(LoginLocators.Email, username)\nPages\\BasePage.py:18: in do_send_keys\n    WebDriverWait(self.driver, 10).until(ec.visibility_of_element_located(by_locator)).send_keys(text)\n_ _ _ _ _ _ _ _ _ _ _ _ _ _ _ _ _ _ _ _ _ _ _ _ _ _ _ _ _ _ _ _ _ _ _ _ _ _ _ _ _ _ _ _ _ _ _ _ _ _ _ _ _ _ _ _ _ _ _ _ _ _ _ _ _ _ _ _ _ _ _ _ _ _\n\nself = <selenium.webdriver.support.wait.WebDriverWait (session=\"3f97efae67283230757f0d18a4ff73df\")>\nmethod = <function visibility_of_element_located.<locals>._predicate at 0x0000023EB67C2E60>, message = ''\n\n    def until(self, method, message: str = \"\"):\n        \"\"\"Calls the method provided with the driver as an argument until the \\\n        return value does not evaluate to ``False``.\n    \n        :param method: callable(WebDriver)\n        :param message: optional message for :exc:`TimeoutException`\n        :returns: the result of the last call to `method`\n        :raises: :exc:`selenium.common.exceptions.TimeoutException` if timeout occurs\n        \"\"\"\n        screen = None\n        stacktrace = None\n    \n        end_time = time.monotonic() + self._timeout\n        while True:\n            try:\n                value = method(self._driver)\n                if value:\n                    return value\n            except self._ignored_exceptions as exc:\n                screen = getattr(exc, \"screen\", None)\n                stacktrace = getattr(exc, \"stacktrace\", None)\n            time.sleep(self._poll)\n            if time.monotonic() > end_time:\n                break\n>       raise TimeoutException(message, screen, stacktrace)\nE       selenium.common.exceptions.TimeoutException: Message: \nE       Stacktrace:\nE       Backtrace:\nE       \tGetHandleVerifier [0x0046A813+48355]\nE       \t(No symbol) [0x003FC4B1]\nE       \t(No symbol) [0x00305358]\nE       \t(No symbol) [0x003309A5]\nE       \t(No symbol) [0x00330B3B]\nE       \t(No symbol) [0x0035E232]\nE       \t(No symbol) [0x0034A784]\nE       \t(No symbol) [0x0035C922]\nE       \t(No symbol) [0x0034A536]\nE       \t(No symbol) [0x003282DC]\nE       \t(No symbol) [0x003293DD]\nE       \tGetHandleVerifier [0x006CAABD+2539405]\nE       \tGetHandleVerifier [0x0070A78F+2800735]\nE       \tGetHandleVerifier [0x0070456C+2775612]\nE       \tGetHandleVerifier [0x004F51E0+616112]\nE       \t(No symbol) [0x00405F8C]\nE       \t(No symbol) [0x00402328]\nE       \t(No symbol) [0x0040240B]\nE       \t(No symbol) [0x003F4FF7]\nE       \tBaseThreadInitThunk [0x76CA00C9+25]\nE       \tRtlGetAppContainerNamedObjectPath [0x774F7B4E+286]\nE       \tRtlGetAppContainerNamedObjectPath [0x774F7B1E+238]\n\nvenv\\lib\\site-packages\\selenium\\webdriver\\support\\wait.py:95: TimeoutException"}, "parameters": [{"name": "init_driver", "value": "'chrome'"}], "start": 1686900060309, "stop": 1686900071836, "uuid": "f54d2ab4-62e1-42ce-a7b6-dcf93a8b3a78", "historyId": "d79067c65c06a7072b21cef396306aea", "testCaseId": "de7a35c8dcb59b0a8b7db49adb43cf11", "fullName": "Tests.test_LoginPage.Test_Login#test_login_for_Invalid_Credential", "labels": [{"name": "tag", "value": "slow"}, {"name": "tag", "value": "@pytest.mark.usefixtures('init_driver')"}, {"name": "parentSuite", "value": "Tests"}, {"name": "suite", "value": "test_LoginPage"}, {"name": "subSuite", "value": "Test_Login"}, {"name": "host", "value": "AGLPUN-TL493"}, {"name": "thread", "value": "11492-MainThread"}, {"name": "framework", "value": "pytest"}, {"name": "language", "value": "cpython3"}, {"name": "package", "value": "Tests.test_LoginPage"}]}