{"name": "test_signup_link_visible[chrome]", "status": "broken", "statusDetails": {"message": "selenium.common.exceptions.TimeoutException: Message: \nStacktrace:\nBacktrace:\n\tGetHandleVerifier [0x0046A813+48355]\n\t(No symbol) [0x003FC4B1]\n\t(No symbol) [0x00305358]\n\t(No symbol) [0x003309A5]\n\t(No symbol) [0x00330B3B]\n\t(No symbol) [0x0035E232]\n\t(No symbol) [0x0034A784]\n\t(No symbol) [0x0035C922]\n\t(No symbol) [0x0034A536]\n\t(No symbol) [0x003282DC]\n\t(No symbol) [0x003293DD]\n\tGetHandleVerifier [0x006CAABD+2539405]\n\tGetHandleVerifier [0x0070A78F+2800735]\n\tGetHandleVerifier [0x0070456C+2775612]\n\tGetHandleVerifier [0x004F51E0+616112]\n\t(No symbol) [0x00405F8C]\n\t(No symbol) [0x00402328]\n\t(No symbol) [0x0040240B]\n\t(No symbol) [0x003F4FF7]\n\tBaseThreadInitThunk [0x76CA00C9+25]\n\tRtlGetAppContainerNamedObjectPath [0x774F7B4E+286]\n\tRtlGetAppContainerNamedObjectPath [0x774F7B1E+238]", "trace": "request = <SubRequest 'init_driver' for <Function test_signup_link_visible[chrome]>>\n\n    @pytest.fixture(params=[\"chrome\"],scope=\"session\", autouse= True)\n    def init_driver(request):\n        global web_driver\n        if request.param==\"chrome\":\n            web_driver = webdriver.Chrome(ChromeDriverManager().install())\n            web_driver.maximize_window()\n            web_driver.implicitly_wait(5)\n            web_driver.get(TestData.Base_Url)\n            login = LoginPage(web_driver)\n>           login.do_login(TestData.Username, TestData.Password)\n\nTests\\conftest.py:19: \n_ _ _ _ _ _ _ _ _ _ _ _ _ _ _ _ _ _ _ _ _ _ _ _ _ _ _ _ _ _ _ _ _ _ _ _ _ _ _ _ _ _ _ _ _ _ _ _ _ _ _ _ _ _ _ _ _ _ _ _ _ _ _ _ _ _ _ _ _ _ _ _ _ _\nPages\\LoginPage.py:24: in do_login\n    self.do_send_keys(LoginLocators.Email, username)\nPages\\BasePage.py:18: in do_send_keys\n    WebDriverWait(self.driver, 10).until(ec.visibility_of_element_located(by_locator)).send_keys(text)\n_ _ _ _ _ _ _ _ _ _ _ _ _ _ _ _ _ _ _ _ _ _ _ _ _ _ _ _ _ _ _ _ _ _ _ _ _ _ _ _ _ _ _ _ _ _ _ _ _ _ _ _ _ _ _ _ _ _ _ _ _ _ _ _ _ _ _ _ _ _ _ _ _ _\n\nself = <selenium.webdriver.support.wait.WebDriverWait (session=\"44fa31c6ab7f339ffd5eb9edd465f749\")>\nmethod = <function visibility_of_element_located.<locals>._predicate at 0x000002A5F72D1510>, message = ''\n\n    def until(self, method, message: str = \"\"):\n        \"\"\"Calls the method provided with the driver as an argument until the \\\n        return value does not evaluate to ``False``.\n    \n        :param method: callable(WebDriver)\n        :param message: optional message for :exc:`TimeoutException`\n        :returns: the result of the last call to `method`\n        :raises: :exc:`selenium.common.exceptions.TimeoutException` if timeout occurs\n        \"\"\"\n        screen = None\n        stacktrace = None\n    \n        end_time = time.monotonic() + self._timeout\n        while True:\n            try:\n                value = method(self._driver)\n                if value:\n                    return value\n            except self._ignored_exceptions as exc:\n                screen = getattr(exc, \"screen\", None)\n                stacktrace = getattr(exc, \"stacktrace\", None)\n            time.sleep(self._poll)\n            if time.monotonic() > end_time:\n                break\n>       raise TimeoutException(message, screen, stacktrace)\nE       selenium.common.exceptions.TimeoutException: Message: \nE       Stacktrace:\nE       Backtrace:\nE       \tGetHandleVerifier [0x0046A813+48355]\nE       \t(No symbol) [0x003FC4B1]\nE       \t(No symbol) [0x00305358]\nE       \t(No symbol) [0x003309A5]\nE       \t(No symbol) [0x00330B3B]\nE       \t(No symbol) [0x0035E232]\nE       \t(No symbol) [0x0034A784]\nE       \t(No symbol) [0x0035C922]\nE       \t(No symbol) [0x0034A536]\nE       \t(No symbol) [0x003282DC]\nE       \t(No symbol) [0x003293DD]\nE       \tGetHandleVerifier [0x006CAABD+2539405]\nE       \tGetHandleVerifier [0x0070A78F+2800735]\nE       \tGetHandleVerifier [0x0070456C+2775612]\nE       \tGetHandleVerifier [0x004F51E0+616112]\nE       \t(No symbol) [0x00405F8C]\nE       \t(No symbol) [0x00402328]\nE       \t(No symbol) [0x0040240B]\nE       \t(No symbol) [0x003F4FF7]\nE       \tBaseThreadInitThunk [0x76CA00C9+25]\nE       \tRtlGetAppContainerNamedObjectPath [0x774F7B4E+286]\nE       \tRtlGetAppContainerNamedObjectPath [0x774F7B1E+238]\n\nvenv\\lib\\site-packages\\selenium\\webdriver\\support\\wait.py:95: TimeoutException"}, "parameters": [{"name": "init_driver", "value": "'chrome'"}], "start": 1686899838268, "stop": 1686899838268, "uuid": "1081fef9-49b7-4eea-be6f-24438b28906d", "historyId": "69e05deed2edaa1d6ca9b51c93a543fd", "testCaseId": "0f1adf0a816973211407a358d833dd4e", "fullName": "Tests.test_LoginPage.Test_Login#test_signup_link_visible", "labels": [{"name": "tag", "value": "@pytest.mark.usefixtures('init_driver')"}, {"name": "parentSuite", "value": "Tests"}, {"name": "suite", "value": "test_LoginPage"}, {"name": "subSuite", "value": "Test_Login"}, {"name": "host", "value": "AGLPUN-TL493"}, {"name": "thread", "value": "16444-MainThread"}, {"name": "framework", "value": "pytest"}, {"name": "language", "value": "cpython3"}, {"name": "package", "value": "Tests.test_LoginPage"}]}