{"content": {"suites": {"0": {"status": {"total_pass": 3, "total_skip": 0, "total_xpass": 0, "total_xfail": 0, "total_rerun": 0, "total_fail": 0, "total_error": 0}, "tests": {"0": {"status": "PASS", "message": "", "test_name": "test_validate_to_upload_file[chrome]", "rerun": "0"}, "1": {"status": "PASS", "message": "", "test_name": "test_Tax_Exemptions[chrome]", "rerun": "0"}, "2": {"status": "PASS", "message": "", "test_name": "test_validate_profile_icon[chrome]", "rerun": "0"}}, "suite_name": "Tests/test_MyInfoPage.py"}, "1": {"suite_name": "Tests/test_HomePage.py", "tests": {"0": {"status": "PASS", "message": "", "test_name": "test_home_Page_title[chrome]", "rerun": "0"}, "1": {"status": "FAIL", "message": "   AssertionError: assert 'PIM' == 'Dashboard'\n     - Dashboard\n     + PIM\n", "test_name": "test_home_Page_Header[chrome]", "rerun": "0"}, "2": {"status": "PASS", "message": "", "test_name": "test_help_icon_exist[chrome]", "rerun": "0"}}, "status": {"total_pass": 2, "total_skip": 0, "total_xpass": 0, "total_xfail": 0, "total_rerun": 0, "total_fail": 1, "total_error": 0}}, "2": {"suite_name": "Tests/test_LoginPage.py", "tests": {"0": {"status": "PASS", "message": "", "test_name": "test_signup_link_visible[chrome]", "rerun": "0"}, "1": {"status": "PASS", "message": "", "test_name": "test_login_Page_Title[chrome]", "rerun": "0"}, "2": {"status": "FAIL", "message": "   selenium.common.exceptions.TimeoutException: Message: \n   Stacktrace:\n   Backtrace:\n   \tGetHandleVerifier [0x0046A813+48355]\n   \t(No symbol) [0x003FC4B1]\n   \t(No symbol) [0x00305358]\n   \t(No symbol) [0x003309A5]\n   \t(No symbol) [0x00330B3B]\n   \t(No symbol) [0x0035E232]\n   \t(No symbol) [0x0034A784]\n   \t(No symbol) [0x0035C922]\n   \t(No symbol) [0x0034A536]\n   \t(No symbol) [0x003282DC]\n   \t(No symbol) [0x003293DD]\n   \tGetHandleVerifier [0x006CAABD+2539405]\n   \tGetHandleVerifier [0x0070A78F+2800735]\n   \tGetHandleVerifier [0x0070456C+2775612]\n   \tGetHandleVerifier [0x004F51E0+616112]\n   \t(No symbol) [0x00405F8C]\n   \t(No symbol) [0x00402328]\n   \t(No symbol) [0x0040240B]\n   \t(No symbol) [0x003F4FF7]\n   \tBaseThreadInitThunk [0x76CA00C9+25]\n   \tRtlGetAppContainerNamedObjectPath [0x774F7B4E+286]\n   \tRtlGetAppContainerNamedObjectPath [0x774F7B1E+238]\n", "test_name": "test_login_for_Invalid_Credential[chrome]", "rerun": "0"}}, "status": {"total_pass": 2, "total_skip": 0, "total_xpass": 0, "total_xfail": 0, "total_rerun": 0, "total_fail": 1, "total_error": 0}}, "3": {"suite_name": "Tests/test_PerformancePage.py", "tests": {"0": {"status": "FAIL", "message": "   selenium.common.exceptions.TimeoutException: Message: \n   Stacktrace:\n   Backtrace:\n   \tGetHandleVerifier [0x0046A813+48355]\n   \t(No symbol) [0x003FC4B1]\n   \t(No symbol) [0x00305358]\n   \t(No symbol) [0x003309A5]\n   \t(No symbol) [0x00330B3B]\n   \t(No symbol) [0x0035E232]\n   \t(No symbol) [0x0034A784]\n   \t(No symbol) [0x0035C922]\n   \t(No symbol) [0x0034A536]\n   \t(No symbol) [0x003282DC]\n   \t(No symbol) [0x003293DD]\n   \tGetHandleVerifier [0x006CAABD+2539405]\n   \tGetHandleVerifier [0x0070A78F+2800735]\n   \tGetHandleVerifier [0x0070456C+2775612]\n   \tGetHandleVerifier [0x004F51E0+616112]\n   \t(No symbol) [0x00405F8C]\n   \t(No symbol) [0x00402328]\n   \t(No symbol) [0x0040240B]\n   \t(No symbol) [0x003F4FF7]\n   \tBaseThreadInitThunk [0x76CA00C9+25]\n   \tRtlGetAppContainerNamedObjectPath [0x774F7B4E+286]\n   \tRtlGetAppContainerNamedObjectPath [0x774F7B1E+238]\n", "test_name": "test_Navigate_to_Performance_NavBar[chrome]", "rerun": "0"}}, "status": {"total_pass": 0, "total_skip": 0, "total_xpass": 0, "total_xfail": 0, "total_rerun": 0, "total_fail": 1, "total_error": 0}}}}, "date": "June 16, 2023", "start_time": 1686911802.8012667, "total_suite": 4, "status": "FAIL", "status_list": {"pass": "7", "fail": "3", "skip": "0", "error": "0", "xpass": "0", "xfail": "0", "rerun": "0"}, "total_tests": "10"}