{"content": {"suites": {"0": {"status": {"total_pass": 3, "total_skip": 0, "total_xpass": 0, "total_xfail": 0, "total_rerun": 0, "total_fail": 0, "total_error": 0}, "tests": {"0": {"status": "PASS", "message": "", "test_name": "test_validate_to_upload_file[chrome]", "rerun": "0"}, "1": {"status": "PASS", "message": "", "test_name": "test_Tax_Exemptions[chrome]", "rerun": "0"}, "2": {"status": "PASS", "message": "", "test_name": "test_validate_profile_icon[chrome]", "rerun": "0"}}, "suite_name": "Tests/test_MyInfoPage.py"}, "1": {"suite_name": "Tests/test_HomePage.py", "tests": {"0": {"status": "PASS", "message": "", "test_name": "test_home_Page_title[chrome]", "rerun": "0"}, "1": {"status": "FAIL", "message": "   AssertionError: assert 'PIM' == 'Dashboard'\n     - Dashboard\n     + PIM\n", "test_name": "test_home_Page_Header[chrome]", "rerun": "0"}, "2": {"status": "PASS", "message": "", "test_name": "test_help_icon_exist[chrome]", "rerun": "0"}}, "status": {"total_pass": 2, "total_skip": 0, "total_xpass": 0, "total_xfail": 0, "total_rerun": 0, "total_fail": 1, "total_error": 0}}, "2": {"suite_name": "Tests/test_LoginPage.py", "tests": {"0": {"status": "PASS", "message": "", "test_name": "test_signup_link_visible[chrome]", "rerun": "0"}, "1": {"status": "PASS", "message": "", "test_name": "test_login_Page_Title[chrome]", "rerun": "0"}, "2": {"status": "FAIL", "message": "   selenium.common.exceptions.TimeoutException: Message: \n   Stacktrace:\n   Backtrace:\n   \tGetHandleVerifier [0x00C4A813+48355]\n   \t(No symbol) [0x00BDC4B1]\n   \t(No symbol) [0x00AE5358]\n   \t(No symbol) [0x00B109A5]\n   \t(No symbol) [0x00B10B3B]\n   \t(No symbol) [0x00B3E232]\n   \t(No symbol) [0x00B2A784]\n   \t(No symbol) [0x00B3C922]\n   \t(No symbol) [0x00B2A536]\n   \t(No symbol) [0x00B082DC]\n   \t(No symbol) [0x00B093DD]\n   \tGetHandleVerifier [0x00EAAABD+2539405]\n   \tGetHandleVerifier [0x00EEA78F+2800735]\n   \tGetHandleVerifier [0x00EE456C+2775612]\n   \tGetHandleVerifier [0x00CD51E0+616112]\n   \t(No symbol) [0x00BE5F8C]\n   \t(No symbol) [0x00BE2328]\n   \t(No symbol) [0x00BE240B]\n   \t(No symbol) [0x00BD4FF7]\n   \tBaseThreadInitThunk [0x75FF00C9+25]\n   \tRtlGetAppContainerNamedObjectPath [0x76FC7B4E+286]\n   \tRtlGetAppContainerNamedObjectPath [0x76FC7B1E+238]\n", "test_name": "test_login_for_Invalid_Credential[chrome]", "rerun": "0"}}, "status": {"total_pass": 2, "total_skip": 0, "total_xpass": 0, "total_xfail": 0, "total_rerun": 0, "total_fail": 1, "total_error": 0}}, "3": {"suite_name": "Tests/test_PerformancePage.py", "tests": {"0": {"status": "FAIL", "message": "   selenium.common.exceptions.TimeoutException: Message: \n   Stacktrace:\n   Backtrace:\n   \tGetHandleVerifier [0x00C4A813+48355]\n   \t(No symbol) [0x00BDC4B1]\n   \t(No symbol) [0x00AE5358]\n   \t(No symbol) [0x00B109A5]\n   \t(No symbol) [0x00B10B3B]\n   \t(No symbol) [0x00B3E232]\n   \t(No symbol) [0x00B2A784]\n   \t(No symbol) [0x00B3C922]\n   \t(No symbol) [0x00B2A536]\n   \t(No symbol) [0x00B082DC]\n   \t(No symbol) [0x00B093DD]\n   \tGetHandleVerifier [0x00EAAABD+2539405]\n   \tGetHandleVerifier [0x00EEA78F+2800735]\n   \tGetHandleVerifier [0x00EE456C+2775612]\n   \tGetHandleVerifier [0x00CD51E0+616112]\n   \t(No symbol) [0x00BE5F8C]\n   \t(No symbol) [0x00BE2328]\n   \t(No symbol) [0x00BE240B]\n   \t(No symbol) [0x00BD4FF7]\n   \tBaseThreadInitThunk [0x75FF00C9+25]\n   \tRtlGetAppContainerNamedObjectPath [0x76FC7B4E+286]\n   \tRtlGetAppContainerNamedObjectPath [0x76FC7B1E+238]\n", "test_name": "test_Navigate_to_Performance_NavBar[chrome]", "rerun": "0"}}, "status": {"total_pass": 0, "total_skip": 0, "total_xpass": 0, "total_xfail": 0, "total_rerun": 0, "total_fail": 1, "total_error": 0}}}}, "date": "June 19, 2023", "start_time": 1687171887.5632303, "total_suite": 4, "status": "FAIL", "status_list": {"pass": "7", "fail": "3", "skip": "0", "error": "0", "xpass": "0", "xfail": "0", "rerun": "0"}, "total_tests": "10"}