{"content": {"suites": {"0": {"status": {"total_pass": 4, "total_skip": 0, "total_xpass": 0, "total_xfail": 0, "total_rerun": 0, "total_fail": 2, "total_error": 0}, "tests": {"0": {"status": "PASS", "message": "", "test_name": "test_signup_link_visible[chrome]", "rerun": "0"}, "1": {"status": "PASS", "message": "", "test_name": "test_login_Page_Title[chrome]", "rerun": "0"}, "2": {"status": "FAIL", "message": "   selenium.common.exceptions.TimeoutException: Message: \n   Stacktrace:\n   Backtrace:\n   \tGetHandleVerifier [0x0046A813+48355]\n   \t(No symbol) [0x003FC4B1]\n   \t(No symbol) [0x00305358]\n   \t(No symbol) [0x003309A5]\n   \t(No symbol) [0x00330B3B]\n   \t(No symbol) [0x0035E232]\n   \t(No symbol) [0x0034A784]\n   \t(No symbol) [0x0035C922]\n   \t(No symbol) [0x0034A536]\n   \t(No symbol) [0x003282DC]\n   \t(No symbol) [0x003293DD]\n   \tGetHandleVerifier [0x006CAABD+2539405]\n   \tGetHandleVerifier [0x0070A78F+2800735]\n   \tGetHandleVerifier [0x0070456C+2775612]\n   \tGetHandleVerifier [0x004F51E0+616112]\n   \t(No symbol) [0x00405F8C]\n   \t(No symbol) [0x00402328]\n   \t(No symbol) [0x0040240B]\n   \t(No symbol) [0x003F4FF7]\n   \tBaseThreadInitThunk [0x76CA00C9+25]\n   \tRtlGetAppContainerNamedObjectPath [0x774F7B4E+286]\n   \tRtlGetAppContainerNamedObjectPath [0x774F7B1E+238]\n", "test_name": "test_login_for_Invalid_Credential[chrome]", "rerun": "0"}, "3": {"status": "PASS", "message": "", "test_name": "test_signup_link_visible[edge]", "rerun": "0"}, "4": {"status": "PASS", "message": "", "test_name": "test_login_Page_Title[edge]", "rerun": "0"}, "5": {"status": "FAIL", "message": "   selenium.common.exceptions.TimeoutException: Message: \n   Stacktrace:\n   Backtrace:\n   \tGetHandleVerifier [0x00007FF73703B5B2+64226]\n   \tMicrosoft::Applications::Events::EventProperty::~EventProperty [0x00007FF736FCBB72+770962]\n   \t(No symbol) [0x00007FF736D8CC3C]\n   \t(No symbol) [0x00007FF736DD0BCF]\n   \t(No symbol) [0x00007FF736DD0D5A]\n   \t(No symbol) [0x00007FF736E0AC07]\n   \t(No symbol) [0x00007FF736DEF02F]\n   \t(No symbol) [0x00007FF736DC4BA1]\n   \t(No symbol) [0x00007FF736E07FB1]\n   \t(No symbol) [0x00007FF736DEEDC3]\n   \t(No symbol) [0x00007FF736DC3BDC]\n   \t(No symbol) [0x00007FF736DC2DC6]\n   \t(No symbol) [0x00007FF736DC4354]\n   \tMicrosoft::Applications::Events::ILogManager::DispatchEventBroadcast [0x00007FF737218E59+1319081]\n   \t(No symbol) [0x00007FF736E3BEE8]\n   \tMicrosoft::Applications::Events::EventProperty::~EventProperty [0x00007FF736F17AF1+33553]\n   \tMicrosoft::Applications::Events::EventProperty::~EventProperty [0x00007FF736F0FF2F+1871]\n   \tMicrosoft::Applications::Events::ILogManager::DispatchEventBroadcast [0x00007FF737217A73+1313987]\n   \tMicrosoft::Applications::Events::ILogConfiguration::operator* [0x00007FF736FD41A8+20232]\n   \tMicrosoft::Applications::Events::ILogConfiguration::operator* [0x00007FF736FD07C4+5412]\n   \tMicrosoft::Applications::Events::ILogConfiguration::operator* [0x00007FF736FD08BC+5660]\n   \tMicrosoft::Applications::Events::EventProperty::~EventProperty [0x00007FF736FC4571+740753]\n   \tBaseThreadInitThunk [0x00007FF89F047614+20]\n   \tRtlUserThreadStart [0x00007FF8A10226A1+33]\n", "test_name": "test_login_for_Invalid_Credential[edge]", "rerun": "0"}}, "suite_name": "Tests/test_LoginPage.py"}}}, "date": "June 16, 2023", "start_time": 1686900339.4143531, "total_suite": 1, "status": "FAIL", "status_list": {"pass": "4", "fail": "2", "skip": "0", "error": "0", "xpass": "0", "xfail": "0", "rerun": "0"}, "total_tests": "6"}