{"content": {"suites": {"0": {"status": {"total_pass": 1, "total_skip": 0, "total_xpass": 0, "total_xfail": 0, "total_rerun": 0, "total_fail": 2, "total_error": 0}, "tests": {"0": {"status": "PASS", "message": "", "test_name": "test_home_Page_title[chrome]", "rerun": "0"}, "1": {"status": "FAIL", "message": "   selenium.common.exceptions.TimeoutException: Message: \n   Stacktrace:\n   Backtrace:\n   \tGetHandleVerifier [0x0100A813+48355]\n   \t(No symbol) [0x00F9C4B1]\n   \t(No symbol) [0x00EA5358]\n   \t(No symbol) [0x00ED09A5]\n   \t(No symbol) [0x00ED0B3B]\n   \t(No symbol) [0x00EFE232]\n   \t(No symbol) [0x00EEA784]\n   \t(No symbol) [0x00EFC922]\n   \t(No symbol) [0x00EEA536]\n   \t(No symbol) [0x00EC82DC]\n   \t(No symbol) [0x00EC93DD]\n   \tGetHandleVerifier [0x0126AABD+2539405]\n   \tGetHandleVerifier [0x012AA78F+2800735]\n   \tGetHandleVerifier [0x012A456C+2775612]\n   \tGetHandleVerifier [0x010951E0+616112]\n   \t(No symbol) [0x00FA5F8C]\n   \t(No symbol) [0x00FA2328]\n   \t(No symbol) [0x00FA240B]\n   \t(No symbol) [0x00F94FF7]\n   \tBaseThreadInitThunk [0x76CA00C9+25]\n   \tRtlGetAppContainerNamedObjectPath [0x774F7B4E+286]\n   \tRtlGetAppContainerNamedObjectPath [0x774F7B1E+238]\n", "test_name": "test_home_Page_Header[chrome]", "rerun": "0"}, "2": {"status": "FAIL", "message": "   selenium.common.exceptions.TimeoutException: Message: \n   Stacktrace:\n   Backtrace:\n   \tGetHandleVerifier [0x0100A813+48355]\n   \t(No symbol) [0x00F9C4B1]\n   \t(No symbol) [0x00EA5358]\n   \t(No symbol) [0x00ED09A5]\n   \t(No symbol) [0x00ED0B3B]\n   \t(No symbol) [0x00EFE232]\n   \t(No symbol) [0x00EEA784]\n   \t(No symbol) [0x00EFC922]\n   \t(No symbol) [0x00EEA536]\n   \t(No symbol) [0x00EC82DC]\n   \t(No symbol) [0x00EC93DD]\n   \tGetHandleVerifier [0x0126AABD+2539405]\n   \tGetHandleVerifier [0x012AA78F+2800735]\n   \tGetHandleVerifier [0x012A456C+2775612]\n   \tGetHandleVerifier [0x010951E0+616112]\n   \t(No symbol) [0x00FA5F8C]\n   \t(No symbol) [0x00FA2328]\n   \t(No symbol) [0x00FA240B]\n   \t(No symbol) [0x00F94FF7]\n   \tBaseThreadInitThunk [0x76CA00C9+25]\n   \tRtlGetAppContainerNamedObjectPath [0x774F7B4E+286]\n   \tRtlGetAppContainerNamedObjectPath [0x774F7B1E+238]\n", "test_name": "test_help_icon_exist[chrome]", "rerun": "0"}}, "suite_name": "Tests/test_HomePage.py"}, "1": {"suite_name": "Tests/test_LoginPage.py", "tests": {"0": {"status": "PASS", "message": "", "test_name": "test_signup_link_visible[chrome]", "rerun": "0"}, "1": {"status": "PASS", "message": "", "test_name": "test_login_Page_Title[chrome]", "rerun": "0"}, "2": {"status": "PASS", "message": "", "test_name": "test_login[chrome]", "rerun": "0"}}, "status": {"total_pass": 3, "total_skip": 0, "total_xpass": 0, "total_xfail": 0, "total_rerun": 0, "total_fail": 0, "total_error": 0}}, "2": {"suite_name": "Tests/test_MyInfoPage.py", "tests": {"0": {"status": "PASS", "message": "", "test_name": "test_validate_profile_icon[chrome]", "rerun": "0"}, "1": {"status": "FAIL", "message": "   selenium.common.exceptions.TimeoutException: Message: \n   Stacktrace:\n   Backtrace:\n   \tGetHandleVerifier [0x0100A813+48355]\n   \t(No symbol) [0x00F9C4B1]\n   \t(No symbol) [0x00EA5358]\n   \t(No symbol) [0x00ED09A5]\n   \t(No symbol) [0x00ED0B3B]\n   \t(No symbol) [0x00EFE232]\n   \t(No symbol) [0x00EEA784]\n   \t(No symbol) [0x00EFC922]\n   \t(No symbol) [0x00EEA536]\n   \t(No symbol) [0x00EC82DC]\n   \t(No symbol) [0x00EC93DD]\n   \tGetHandleVerifier [0x0126AABD+2539405]\n   \tGetHandleVerifier [0x012AA78F+2800735]\n   \tGetHandleVerifier [0x012A456C+2775612]\n   \tGetHandleVerifier [0x010951E0+616112]\n   \t(No symbol) [0x00FA5F8C]\n   \t(No symbol) [0x00FA2328]\n   \t(No symbol) [0x00FA240B]\n   \t(No symbol) [0x00F94FF7]\n   \tBaseThreadInitThunk [0x76CA00C9+25]\n   \tRtlGetAppContainerNamedObjectPath [0x774F7B4E+286]\n   \tRtlGetAppContainerNamedObjectPath [0x774F7B1E+238]\n", "test_name": "test_Tax_Exemptions[chrome]", "rerun": "0"}, "2": {"status": "FAIL", "message": "   selenium.common.exceptions.TimeoutException: Message: \n   Stacktrace:\n   Backtrace:\n   \tGetHandleVerifier [0x0100A813+48355]\n   \t(No symbol) [0x00F9C4B1]\n   \t(No symbol) [0x00EA5358]\n   \t(No symbol) [0x00ED09A5]\n   \t(No symbol) [0x00ED0B3B]\n   \t(No symbol) [0x00EFE232]\n   \t(No symbol) [0x00EEA784]\n   \t(No symbol) [0x00EFC922]\n   \t(No symbol) [0x00EEA536]\n   \t(No symbol) [0x00EC82DC]\n   \t(No symbol) [0x00EC93DD]\n   \tGetHandleVerifier [0x0126AABD+2539405]\n   \tGetHandleVerifier [0x012AA78F+2800735]\n   \tGetHandleVerifier [0x012A456C+2775612]\n   \tGetHandleVerifier [0x010951E0+616112]\n   \t(No symbol) [0x00FA5F8C]\n   \t(No symbol) [0x00FA2328]\n   \t(No symbol) [0x00FA240B]\n   \t(No symbol) [0x00F94FF7]\n   \tBaseThreadInitThunk [0x76CA00C9+25]\n   \tRtlGetAppContainerNamedObjectPath [0x774F7B4E+286]\n   \tRtlGetAppContainerNamedObjectPath [0x774F7B1E+238]\n", "test_name": "test_validate_to_upload_file[chrome]", "rerun": "0"}}, "status": {"total_pass": 1, "total_skip": 0, "total_xpass": 0, "total_xfail": 0, "total_rerun": 0, "total_fail": 2, "total_error": 0}}, "3": {"suite_name": "Tests/test_PerformancePage.py", "tests": {"0": {"status": "PASS", "message": "", "test_name": "test_Navigate_to_Performance_NavBar[chrome]", "rerun": "0"}}, "status": {"total_pass": 1, "total_skip": 0, "total_xpass": 0, "total_xfail": 0, "total_rerun": 0, "total_fail": 0, "total_error": 0}}}}, "date": "June 12, 2023", "start_time": 1686572172.2889316, "total_suite": 4, "status": "FAIL", "status_list": {"pass": "6", "fail": "4", "skip": "0", "error": "0", "xpass": "0", "xfail": "0", "rerun": "0"}, "total_tests": "10"}